0.002137 release enter
6.922265 press Shift L
7.098252 press T
7.194181 release T
7.210176 release Shift L
7.266230 press H
7.330171 release H
7.426221 press I
7.490176 release I
7.506217 press S
7.586167 release S
7.746191 press I
7.810170 release I
7.826213 press S
7.898165 release S
8.050207 press A
8.122136 release A
8.282207 press S
8.354163 release S
8.458215 press A
8.538162 release A
8.554212 press M
8.610163 release M
8.690211 press P
8.746163 release P
8.818221 press L
8.874162 release L
8.882216 press E
8.946159 release E
9.162198 press F
9.234161 release F
9.250213 press I
9.298155 release I
9.394204 press L
9.458158 release L
9.498216 press E
9.554133 release E
9.978228 press enter
10.026163 release enter
12.322235 press L
12.378144 release L
12.466194 press E
12.538187 press F
12.586132 release E
12.634132 release F
13.026207 press T
13.098132 release T
13.410168 press A
13.490129 release A
13.546183 press L
13.594128 release L
13.714174 press T
13.762127 release T
14.378205 press Shift L
14.498179 press ;
14.546119 release ;
14.714121 release Shift L
16.250178 press Alt L
16.426119 release Alt L
16.714174 press Alt L
16.898127 release Alt L
17.178175 press Alt L
17.314119 release Alt L
17.842185 press enter
17.922093 release enter
19.178192 press R
19.250099 release R
19.290149 press I
19.362092 release I
19.434141 press G
19.506089 release G
19.594136 press H
19.626133 press T
19.666082 release H
19.698101 release T
19.898129 press A
19.970085 release A
20.018133 press L
20.066079 release L
20.138129 press T
20.186085 release T
20.282138 press Shift L
20.346128 press ;
20.394079 release ;
20.434163 release Shift L
21.114220 press Alt R
21.178153 release Alt R
21.506216 press Alt R
21.586080 release Alt R
21.922144 press Alt R
21.994073 release Alt R
23.018153 press enter
23.074063 release enter
24.466164 press M
24.538060 release M
24.618107 press O
24.666028 release O
24.746098 press U
24.810119 press S
24.834049 release U
24.866052 release S
24.970109 press E
25.026046 release E
25.146103 press Shift L
25.234101 press ;
25.290029 release ;
25.410052 release Shift L
25.666078 press enter
25.738052 release enter
27.120052 press mouse_middle at 81 176
27.263993 release mouse_middle at 81 176
27.992070 press mouse_left at 296 148
28.152009 release mouse_left at 307 154
28.776045 press mouse_right at 374 218
28.895967 release mouse_right at 374 219
29.624017 press mouse_middle at 246 288
29.751945 release mouse_middle at 245 288
30.344018 press mouse_left at 156 228
30.447987 release mouse_left at 155 227
31.128009 press mouse_right at 281 92
31.191937 release mouse_right at 281 92
